<?xml version="1.0" encoding="UTF-8"?>
<testng-results skipped="0" failed="3" ignored="0" total="19" passed="16">
  <reporter-output>
  </reporter-output>
  <suite name="Demo Cart Test automtion regression suite" duration-ms="77432" started-at="2021-02-22T14:03:30Z" finished-at="2021-02-22T14:04:47Z">
    <groups>
    </groups>
    <test name="Accounts page Test" duration-ms="45875" started-at="2021-02-22T14:03:30Z" finished-at="2021-02-22T14:04:15Z">
      <class name="com.qa.democart.test.AccountsPageTest">
        <test-method status="PASS" signature="setUp()[pri:0, instance:com.qa.democart.test.AccountsPageTest@10876a6]" name="setUp" is-config="true" duration-ms="5507" started-at="2021-02-22T14:03:30Z" finished-at="2021-02-22T14:03:35Z">
          <reporter-output>
          </reporter-output>
        </test-method> <!-- setUp -->
        <test-method status="PASS" signature="accountsPageSetup()[pri:0, instance:com.qa.democart.test.AccountsPageTest@10876a6]" name="accountsPageSetup" is-config="true" duration-ms="7341" started-at="2021-02-22T14:03:35Z" finished-at="2021-02-22T14:03:42Z">
          <reporter-output>
          </reporter-output>
        </test-method> <!-- accountsPageSetup -->
        <test-method status="PASS" signature="accountsPageTitleTest()[pri:1, instance:com.qa.democart.test.AccountsPageTest@10876a6]" name="accountsPageTitleTest" duration-ms="16" started-at="2021-02-22T14:03:42Z" finished-at="2021-02-22T14:03:42Z">
          <reporter-output>
          </reporter-output>
        </test-method> <!-- accountsPageTitleTest -->
        <test-method status="PASS" signature="accountsPageHeaderTest()[pri:2, instance:com.qa.democart.test.AccountsPageTest@10876a6]" name="accountsPageHeaderTest" duration-ms="2919" started-at="2021-02-22T14:03:43Z" finished-at="2021-02-22T14:03:45Z">
          <reporter-output>
          </reporter-output>
        </test-method> <!-- accountsPageHeaderTest -->
        <test-method status="PASS" signature="accountPageSectionCountTest()[pri:3, instance:com.qa.democart.test.AccountsPageTest@10876a6]" name="accountPageSectionCountTest" duration-ms="19" started-at="2021-02-22T14:03:45Z" finished-at="2021-02-22T14:03:45Z">
          <reporter-output>
          </reporter-output>
        </test-method> <!-- accountPageSectionCountTest -->
        <test-method status="PASS" signature="accountPageSectionTextTest()[pri:4, instance:com.qa.democart.test.AccountsPageTest@10876a6]" name="accountPageSectionTextTest" duration-ms="73" started-at="2021-02-22T14:03:45Z" finished-at="2021-02-22T14:03:46Z">
          <reporter-output>
          </reporter-output>
        </test-method> <!-- accountPageSectionTextTest -->
        <test-method status="PASS" signature="searchTest(java.lang.String)[pri:5, instance:com.qa.democart.test.AccountsPageTest@10876a6]" name="searchTest" duration-ms="4561" started-at="2021-02-22T14:03:46Z" data-provider="getProductSearchData" finished-at="2021-02-22T14:03:50Z">
          <params>
            <param index="0">
              <value>
                <![CDATA[iMac]]>
              </value>
            </param>
          </params>
          <reporter-output>
          </reporter-output>
        </test-method> <!-- searchTest -->
        <test-method status="PASS" signature="searchTest(java.lang.String)[pri:5, instance:com.qa.democart.test.AccountsPageTest@10876a6]" name="searchTest" duration-ms="4420" started-at="2021-02-22T14:03:50Z" data-provider="getProductSearchData" finished-at="2021-02-22T14:03:55Z">
          <params>
            <param index="0">
              <value>
                <![CDATA[Macbook]]>
              </value>
            </param>
          </params>
          <reporter-output>
          </reporter-output>
        </test-method> <!-- searchTest -->
        <test-method status="PASS" signature="searchTest(java.lang.String)[pri:5, instance:com.qa.democart.test.AccountsPageTest@10876a6]" name="searchTest" duration-ms="4355" started-at="2021-02-22T14:03:55Z" data-provider="getProductSearchData" finished-at="2021-02-22T14:03:59Z">
          <params>
            <param index="0">
              <value>
                <![CDATA[iPhone]]>
              </value>
            </param>
          </params>
          <reporter-output>
          </reporter-output>
        </test-method> <!-- searchTest -->
        <test-method status="FAIL" signature="searchTest(java.lang.String)[pri:5, instance:com.qa.democart.test.AccountsPageTest@10876a6]" name="searchTest" duration-ms="4384" started-at="2021-02-22T14:03:59Z" data-provider="getProductSearchData" finished-at="2021-02-22T14:04:03Z">
          <params>
            <param index="0">
              <value>
                <![CDATA[Shoes]]>
              </value>
            </param>
          </params>
          <exception class="java.lang.AssertionError">
            <message>
              <![CDATA[expected [true] but found [false]]]>
            </message>
            <full-stacktrace>
              <![CDATA[java.lang.AssertionError: expected [true] but found [false]
at org.testng.Assert.fail(Assert.java:96)
at org.testng.Assert.failNotEquals(Assert.java:776)
at org.testng.Assert.assertTrue(Assert.java:44)
at org.testng.Assert.assertTrue(Assert.java:54)
at com.qa.democart.test.AccountsPageTest.searchTest(AccountsPageTest.java:77)
at sun.reflect.NativeMethodAccessorImpl.invoke0(Native Method)
at sun.reflect.NativeMethodAccessorImpl.invoke(NativeMethodAccessorImpl.java:62)
at sun.reflect.DelegatingMethodAccessorImpl.invoke(DelegatingMethodAccessorImpl.java:43)
at java.lang.reflect.Method.invoke(Method.java:498)
at org.testng.internal.MethodInvocationHelper.invokeMethod(MethodInvocationHelper.java:124)
at org.testng.internal.Invoker.invokeMethod(Invoker.java:583)
at org.testng.internal.Invoker.invokeTestMethod(Invoker.java:719)
at org.testng.internal.Invoker.invokeTestMethods(Invoker.java:989)
at org.testng.internal.TestMethodWorker.invokeTestMethods(TestMethodWorker.java:125)
at org.testng.internal.TestMethodWorker.run(TestMethodWorker.java:109)
at org.testng.TestRunner.privateRun(TestRunner.java:648)
at org.testng.TestRunner.run(TestRunner.java:505)
at org.testng.SuiteRunner.runTest(SuiteRunner.java:455)
at org.testng.SuiteRunner.access$000(SuiteRunner.java:40)
at org.testng.SuiteRunner$SuiteWorker.run(SuiteRunner.java:489)
at org.testng.internal.thread.ThreadUtil$1.call(ThreadUtil.java:52)
at java.util.concurrent.FutureTask.run(FutureTask.java:266)
at java.util.concurrent.ThreadPoolExecutor.runWorker(ThreadPoolExecutor.java:1149)
at java.util.concurrent.ThreadPoolExecutor$Worker.run(ThreadPoolExecutor.java:624)
at java.lang.Thread.run(Thread.java:748)
]]>
            </full-stacktrace>
          </exception> <!-- java.lang.AssertionError -->
          <reporter-output>
          </reporter-output>
        </test-method> <!-- searchTest -->
        <test-method status="FAIL" signature="searchTest(java.lang.String)[pri:5, instance:com.qa.democart.test.AccountsPageTest@10876a6]" name="searchTest" duration-ms="4337" started-at="2021-02-22T14:04:04Z" data-provider="getProductSearchData" finished-at="2021-02-22T14:04:09Z">
          <params>
            <param index="0">
              <value>
                <![CDATA[Mouse]]>
              </value>
            </param>
          </params>
          <exception class="java.lang.AssertionError">
            <message>
              <![CDATA[expected [true] but found [false]]]>
            </message>
            <full-stacktrace>
              <![CDATA[java.lang.AssertionError: expected [true] but found [false]
at org.testng.Assert.fail(Assert.java:96)
at org.testng.Assert.failNotEquals(Assert.java:776)
at org.testng.Assert.assertTrue(Assert.java:44)
at org.testng.Assert.assertTrue(Assert.java:54)
at com.qa.democart.test.AccountsPageTest.searchTest(AccountsPageTest.java:77)
at sun.reflect.NativeMethodAccessorImpl.invoke0(Native Method)
at sun.reflect.NativeMethodAccessorImpl.invoke(NativeMethodAccessorImpl.java:62)
at sun.reflect.DelegatingMethodAccessorImpl.invoke(DelegatingMethodAccessorImpl.java:43)
at java.lang.reflect.Method.invoke(Method.java:498)
at org.testng.internal.MethodInvocationHelper.invokeMethod(MethodInvocationHelper.java:124)
at org.testng.internal.Invoker.invokeMethod(Invoker.java:583)
at org.testng.internal.Invoker.invokeTestMethod(Invoker.java:719)
at org.testng.internal.Invoker.invokeTestMethods(Invoker.java:989)
at org.testng.internal.TestMethodWorker.invokeTestMethods(TestMethodWorker.java:125)
at org.testng.internal.TestMethodWorker.run(TestMethodWorker.java:109)
at org.testng.TestRunner.privateRun(TestRunner.java:648)
at org.testng.TestRunner.run(TestRunner.java:505)
at org.testng.SuiteRunner.runTest(SuiteRunner.java:455)
at org.testng.SuiteRunner.access$000(SuiteRunner.java:40)
at org.testng.SuiteRunner$SuiteWorker.run(SuiteRunner.java:489)
at org.testng.internal.thread.ThreadUtil$1.call(ThreadUtil.java:52)
at java.util.concurrent.FutureTask.run(FutureTask.java:266)
at java.util.concurrent.ThreadPoolExecutor.runWorker(ThreadPoolExecutor.java:1149)
at java.util.concurrent.ThreadPoolExecutor$Worker.run(ThreadPoolExecutor.java:624)
at java.lang.Thread.run(Thread.java:748)
]]>
            </full-stacktrace>
          </exception> <!-- java.lang.AssertionError -->
          <reporter-output>
          </reporter-output>
        </test-method> <!-- searchTest -->
        <test-method status="FAIL" signature="searchTest(java.lang.String)[pri:5, instance:com.qa.democart.test.AccountsPageTest@10876a6]" name="searchTest" duration-ms="4398" started-at="2021-02-22T14:04:10Z" data-provider="getProductSearchData" finished-at="2021-02-22T14:04:14Z">
          <params>
            <param index="0">
              <value>
                <![CDATA[Keyboard]]>
              </value>
            </param>
          </params>
          <exception class="java.lang.AssertionError">
            <message>
              <![CDATA[expected [true] but found [false]]]>
            </message>
            <full-stacktrace>
              <![CDATA[java.lang.AssertionError: expected [true] but found [false]
at org.testng.Assert.fail(Assert.java:96)
at org.testng.Assert.failNotEquals(Assert.java:776)
at org.testng.Assert.assertTrue(Assert.java:44)
at org.testng.Assert.assertTrue(Assert.java:54)
at com.qa.democart.test.AccountsPageTest.searchTest(AccountsPageTest.java:77)
at sun.reflect.NativeMethodAccessorImpl.invoke0(Native Method)
at sun.reflect.NativeMethodAccessorImpl.invoke(NativeMethodAccessorImpl.java:62)
at sun.reflect.DelegatingMethodAccessorImpl.invoke(DelegatingMethodAccessorImpl.java:43)
at java.lang.reflect.Method.invoke(Method.java:498)
at org.testng.internal.MethodInvocationHelper.invokeMethod(MethodInvocationHelper.java:124)
at org.testng.internal.Invoker.invokeMethod(Invoker.java:583)
at org.testng.internal.Invoker.invokeTestMethod(Invoker.java:719)
at org.testng.internal.Invoker.invokeTestMethods(Invoker.java:989)
at org.testng.internal.TestMethodWorker.invokeTestMethods(TestMethodWorker.java:125)
at org.testng.internal.TestMethodWorker.run(TestMethodWorker.java:109)
at org.testng.TestRunner.privateRun(TestRunner.java:648)
at org.testng.TestRunner.run(TestRunner.java:505)
at org.testng.SuiteRunner.runTest(SuiteRunner.java:455)
at org.testng.SuiteRunner.access$000(SuiteRunner.java:40)
at org.testng.SuiteRunner$SuiteWorker.run(SuiteRunner.java:489)
at org.testng.internal.thread.ThreadUtil$1.call(ThreadUtil.java:52)
at java.util.concurrent.FutureTask.run(FutureTask.java:266)
at java.util.concurrent.ThreadPoolExecutor.runWorker(ThreadPoolExecutor.java:1149)
at java.util.concurrent.ThreadPoolExecutor$Worker.run(ThreadPoolExecutor.java:624)
at java.lang.Thread.run(Thread.java:748)
]]>
            </full-stacktrace>
          </exception> <!-- java.lang.AssertionError -->
          <reporter-output>
          </reporter-output>
        </test-method> <!-- searchTest -->
        <test-method status="PASS" signature="tearDown()[pri:0, instance:com.qa.democart.test.AccountsPageTest@10876a6]" name="tearDown" is-config="true" duration-ms="675" started-at="2021-02-22T14:04:15Z" finished-at="2021-02-22T14:04:15Z">
          <reporter-output>
          </reporter-output>
        </test-method> <!-- tearDown -->
      </class> <!-- com.qa.democart.test.AccountsPageTest -->
    </test> <!-- Accounts page Test -->
    <test name="Login page Test" duration-ms="77432" started-at="2021-02-22T14:03:30Z" finished-at="2021-02-22T14:04:47Z">
      <class name="com.qa.democart.test.LoginPageTest">
        <test-method status="PASS" signature="setUp()[pri:0, instance:com.qa.democart.test.LoginPageTest@2bcec6a6]" name="setUp" is-config="true" duration-ms="5507" started-at="2021-02-22T14:03:30Z" finished-at="2021-02-22T14:03:35Z">
          <reporter-output>
          </reporter-output>
        </test-method> <!-- setUp -->
        <test-method status="PASS" signature="verifyLoginPageTitleTest()[pri:1, instance:com.qa.democart.test.LoginPageTest@2bcec6a6]" name="verifyLoginPageTitleTest" duration-ms="213" started-at="2021-02-22T14:03:35Z" finished-at="2021-02-22T14:03:35Z">
          <reporter-output>
          </reporter-output>
        </test-method> <!-- verifyLoginPageTitleTest -->
        <test-method status="PASS" signature="verifyForgotPasswordLinkTest()[pri:2, instance:com.qa.democart.test.LoginPageTest@2bcec6a6]" name="verifyForgotPasswordLinkTest" duration-ms="62" started-at="2021-02-22T14:03:36Z" finished-at="2021-02-22T14:03:36Z">
          <reporter-output>
          </reporter-output>
        </test-method> <!-- verifyForgotPasswordLinkTest -->
        <test-method status="PASS" signature="loginNegativeTest(java.lang.String, java.lang.String)[pri:3, instance:com.qa.democart.test.LoginPageTest@2bcec6a6]" name="loginNegativeTest" duration-ms="10433" started-at="2021-02-22T14:03:37Z" data-provider="getLoginData" finished-at="2021-02-22T14:03:47Z">
          <params>
            <param index="0">
              <value>
                <![CDATA["]]>
              </value>
            </param>
            <param index="1">
              <value>
                <![CDATA[""]]>
              </value>
            </param>
          </params>
          <reporter-output>
          </reporter-output>
        </test-method> <!-- loginNegativeTest -->
        <test-method status="PASS" signature="loginNegativeTest(java.lang.String, java.lang.String)[pri:3, instance:com.qa.democart.test.LoginPageTest@2bcec6a6]" name="loginNegativeTest" duration-ms="10471" started-at="2021-02-22T14:03:47Z" data-provider="getLoginData" finished-at="2021-02-22T14:03:58Z">
          <params>
            <param index="0">
              <value>
                <![CDATA[ayesha.yusuf10@tathastu.ai]]>
              </value>
            </param>
            <param index="1">
              <value>
                <![CDATA[""]]>
              </value>
            </param>
          </params>
          <reporter-output>
          </reporter-output>
        </test-method> <!-- loginNegativeTest -->
        <test-method status="PASS" signature="loginNegativeTest(java.lang.String, java.lang.String)[pri:3, instance:com.qa.democart.test.LoginPageTest@2bcec6a6]" name="loginNegativeTest" duration-ms="10335" started-at="2021-02-22T14:03:58Z" data-provider="getLoginData" finished-at="2021-02-22T14:04:08Z">
          <params>
            <param index="0">
              <value>
                <![CDATA[""]]>
              </value>
            </param>
            <param index="1">
              <value>
                <![CDATA[abc123]]>
              </value>
            </param>
          </params>
          <reporter-output>
          </reporter-output>
        </test-method> <!-- loginNegativeTest -->
        <test-method status="PASS" signature="loginNegativeTest(java.lang.String, java.lang.String)[pri:3, instance:com.qa.democart.test.LoginPageTest@2bcec6a6]" name="loginNegativeTest" duration-ms="10334" started-at="2021-02-22T14:04:08Z" data-provider="getLoginData" finished-at="2021-02-22T14:04:19Z">
          <params>
            <param index="0">
              <value>
                <![CDATA[ayesha.yusuf10]]>
              </value>
            </param>
            <param index="1">
              <value>
                <![CDATA[""]]>
              </value>
            </param>
          </params>
          <reporter-output>
          </reporter-output>
        </test-method> <!-- loginNegativeTest -->
        <test-method status="PASS" signature="loginNegativeTest(java.lang.String, java.lang.String)[pri:3, instance:com.qa.democart.test.LoginPageTest@2bcec6a6]" name="loginNegativeTest" duration-ms="10359" started-at="2021-02-22T14:04:19Z" data-provider="getLoginData" finished-at="2021-02-22T14:04:29Z">
          <params>
            <param index="0">
              <value>
                <![CDATA[#4@%]]>
              </value>
            </param>
            <param index="1">
              <value>
                <![CDATA[^!@##]]>
              </value>
            </param>
          </params>
          <reporter-output>
          </reporter-output>
        </test-method> <!-- loginNegativeTest -->
        <test-method status="PASS" signature="loginNegativeTest(java.lang.String, java.lang.String)[pri:3, instance:com.qa.democart.test.LoginPageTest@2bcec6a6]" name="loginNegativeTest" duration-ms="10314" started-at="2021-02-22T14:04:29Z" data-provider="getLoginData" finished-at="2021-02-22T14:04:39Z">
          <params>
            <param index="0">
              <value>
                <![CDATA[ayesha.yusuf10@tathastu.ai]]>
              </value>
            </param>
            <param index="1">
              <value>
                <![CDATA[abc123]]>
              </value>
            </param>
          </params>
          <reporter-output>
          </reporter-output>
        </test-method> <!-- loginNegativeTest -->
        <test-method status="PASS" signature="loginTest()[pri:4, instance:com.qa.democart.test.LoginPageTest@2bcec6a6]" name="loginTest" duration-ms="7031" started-at="2021-02-22T14:04:39Z" finished-at="2021-02-22T14:04:46Z">
          <reporter-output>
          </reporter-output>
        </test-method> <!-- loginTest -->
        <test-method status="PASS" signature="tearDown()[pri:0, instance:com.qa.democart.test.LoginPageTest@2bcec6a6]" name="tearDown" is-config="true" duration-ms="682" started-at="2021-02-22T14:04:46Z" finished-at="2021-02-22T14:04:47Z">
          <reporter-output>
          </reporter-output>
        </test-method> <!-- tearDown -->
      </class> <!-- com.qa.democart.test.LoginPageTest -->
    </test> <!-- Login page Test -->
  </suite> <!-- Demo Cart Test automtion regression suite -->
</testng-results>
